<?xml version="1.0" encoding="UTF-8"?>
<!-- Generated by org.testng.reporters.JUnitReportReporter -->
<testsuite hostname="DESKTOP-VC8QT0O" failures="0" tests="1" name="testCases.TC001_AccountRegistrationTest" time="5.471" errors="0" timestamp="2025-08-18T17:05:31 IST" skipped="0">
  <testcase classname="testCases.TC001_AccountRegistrationTest" name="verify_account_registration" time="5.471"/>
</testsuite> <!-- testCases.TC001_AccountRegistrationTest -->
