<?xml version="1.0" encoding="UTF-8"?>
<!-- Generated by org.testng.reporters.JUnitReportReporter -->
<testsuite hostname="DESKTOP-VC8QT0O" failures="0" tests="1" name="testCases.TC002_LoginTest" time="2.096" errors="0" timestamp="2025-08-18T17:47:49 IST" skipped="0">
  <testcase classname="testCases.TC002_LoginTest" name="verifyLogin" time="2.096"/>
</testsuite> <!-- testCases.TC002_LoginTest -->
